<?xml version="1.0" encoding="UTF-8"?>
<testng-results ignored="0" total="1" passed="1" failed="0" skipped="0">
  <reporter-output>
  </reporter-output>
  <suite started-at="2022-11-18T12:27:12 IST" name="Default suite" finished-at="2022-11-18T12:27:13 IST" duration-ms="189">
    <groups>
    </groups>
    <test started-at="2022-11-18T12:27:12 IST" name="Default test" finished-at="2022-11-18T12:27:13 IST" duration-ms="189">
      <class name="sample.MavenDemoTest">
        <test-method signature="Demo()[pri:0, instance:sample.MavenDemoTest@3e96bacf]" started-at="2022-11-18T12:27:12 IST" name="Demo" finished-at="2022-11-18T12:27:13 IST" duration-ms="86" status="PASS">
          <reporter-output>
          </reporter-output>
        </test-method> <!-- Demo -->
      </class> <!-- sample.MavenDemoTest -->
    </test> <!-- Default test -->
  </suite> <!-- Default suite -->
</testng-results>
